{"C:\\Users\\reaga\\OneDrive\\Desktop\\Maroe\\Phase 2 Submission\\TestApp\\utils\\cartUtils.js": {"path":"C:\\Users\\reaga\\OneDrive\\Desktop\\Maroe\\Phase 2 Submission\\TestApp\\utils\\cartUtils.js","statementMap":{"0":{"start":{"line":2,"column":2},"end":{"line":2,"column":80}},"1":{"start":{"line":2,"column":41},"end":{"line":2,"column":75}},"2":{"start":{"line":6,"column":2},"end":{"line":8,"column":3}},"3":{"start":{"line":7,"column":4},"end":{"line":7,"column":52}},"4":{"start":{"line":9,"column":2},"end":{"line":11,"column":3}},"5":{"start":{"line":10,"column":4},"end":{"line":10,"column":79}},"6":{"start":{"line":12,"column":2},"end":{"line":12,"column":14}},"7":{"start":{"line":15,"column":0},"end":{"line":18,"column":2}}},"fnMap":{"0":{"name":"calculateTotal","decl":{"start":{"line":1,"column":9},"end":{"line":1,"column":23}},"loc":{"start":{"line":1,"column":35},"end":{"line":3,"column":1}},"line":1},"1":{"name":"(anonymous_1)","decl":{"start":{"line":2,"column":26},"end":{"line":2,"column":27}},"loc":{"start":{"line":2,"column":41},"end":{"line":2,"column":75}},"line":2},"2":{"name":"simulateQuantityChange","decl":{"start":{"line":5,"column":9},"end":{"line":5,"column":31}},"loc":{"start":{"line":5,"column":46},"end":{"line":13,"column":1}},"line":5}},"branchMap":{"0":{"loc":{"start":{"line":6,"column":2},"end":{"line":8,"column":3}},"type":"if","locations":[{"start":{"line":6,"column":2},"end":{"line":8,"column":3}},{"start":{},"end":{}}],"line":6},"1":{"loc":{"start":{"line":9,"column":2},"end":{"line":11,"column":3}},"type":"if","locations":[{"start":{"line":9,"column":2},"end":{"line":11,"column":3}},{"start":{},"end":{}}],"line":9},"2":{"loc":{"start":{"line":10,"column":11},"end":{"line":10,"column":78}},"type":"cond-expr","locations":[{"start":{"line":10,"column":31},"end":{"line":10,"column":71}},{"start":{"line":10,"column":74},"end":{"line":10,"column":78}}],"line":10}},"s":{"0":2,"1":2,"2":4,"3":1,"4":3,"5":2,"6":1,"7":1},"f":{"0":2,"1":2,"2":4},"b":{"0":[1,3],"1":[2,1],"2":[1,1]},"_coverageSchema":"1a1c01bbd47fc00a2c39e90264f33305004495a9","hash":"1a6c0f72ef138ece2a416cd375ed1105b9e3a05b"}
,"C:\\Users\\reaga\\OneDrive\\Desktop\\Maroe\\Phase 2 Submission\\TestApp\\utils\\locationUtils.js": {"path":"C:\\Users\\reaga\\OneDrive\\Desktop\\Maroe\\Phase 2 Submission\\TestApp\\utils\\locationUtils.js","statementMap":{"0":{"start":{"line":2,"column":2},"end":{"line":2,"column":35}},"1":{"start":{"line":2,"column":25},"end":{"line":2,"column":35}},"2":{"start":{"line":3,"column":2},"end":{"line":5,"column":66}},"3":{"start":{"line":4,"column":17},"end":{"line":4,"column":37}},"4":{"start":{"line":5,"column":27},"end":{"line":5,"column":64}},"5":{"start":{"line":5,"column":45},"end":{"line":5,"column":63}},"6":{"start":{"line":8,"column":0},"end":{"line":8,"column":40}}},"fnMap":{"0":{"name":"getCommonLocations","decl":{"start":{"line":1,"column":9},"end":{"line":1,"column":27}},"loc":{"start":{"line":1,"column":39},"end":{"line":6,"column":1}},"line":1},"1":{"name":"(anonymous_1)","decl":{"start":{"line":4,"column":9},"end":{"line":4,"column":10}},"loc":{"start":{"line":4,"column":17},"end":{"line":4,"column":37}},"line":4},"2":{"name":"(anonymous_2)","decl":{"start":{"line":5,"column":12},"end":{"line":5,"column":13}},"loc":{"start":{"line":5,"column":27},"end":{"line":5,"column":64}},"line":5},"3":{"name":"(anonymous_3)","decl":{"start":{"line":5,"column":38},"end":{"line":5,"column":39}},"loc":{"start":{"line":5,"column":45},"end":{"line":5,"column":63}},"line":5}},"branchMap":{"0":{"loc":{"start":{"line":2,"column":2},"end":{"line":2,"column":35}},"type":"if","locations":[{"start":{"line":2,"column":2},"end":{"line":2,"column":35}},{"start":{},"end":{}}],"line":2},"1":{"loc":{"start":{"line":4,"column":17},"end":{"line":4,"column":37}},"type":"binary-expr","locations":[{"start":{"line":4,"column":17},"end":{"line":4,"column":31}},{"start":{"line":4,"column":35},"end":{"line":4,"column":37}}],"line":4}},"s":{"0":5,"1":1,"2":4,"3":7,"4":3,"5":3,"6":1},"f":{"0":5,"1":7,"2":3,"3":3},"b":{"0":[1,4],"1":[7,2]},"_coverageSchema":"1a1c01bbd47fc00a2c39e90264f33305004495a9","hash":"eb16c50fe4a6150e6f5c83a6783e3df3fe6b2eeb"}
,"C:\\Users\\reaga\\OneDrive\\Desktop\\Maroe\\Phase 2 Submission\\TestApp\\utils\\wishlistUtils.js": {"path":"C:\\Users\\reaga\\OneDrive\\Desktop\\Maroe\\Phase 2 Submission\\TestApp\\utils\\wishlistUtils.js","statementMap":{"0":{"start":{"line":2,"column":16},"end":{"line":2,"column":66}},"1":{"start":{"line":2,"column":43},"end":{"line":2,"column":65}},"2":{"start":{"line":3,"column":2},"end":{"line":11,"column":3}},"3":{"start":{"line":5,"column":4},"end":{"line":7,"column":6}},"4":{"start":{"line":6,"column":6},"end":{"line":6,"column":69}},"5":{"start":{"line":10,"column":4},"end":{"line":10,"column":34}},"6":{"start":{"line":14,"column":0},"end":{"line":14,"column":36}}},"fnMap":{"0":{"name":"updateWishlist","decl":{"start":{"line":1,"column":9},"end":{"line":1,"column":23}},"loc":{"start":{"line":1,"column":43},"end":{"line":12,"column":1}},"line":1},"1":{"name":"(anonymous_1)","decl":{"start":{"line":2,"column":35},"end":{"line":2,"column":36}},"loc":{"start":{"line":2,"column":43},"end":{"line":2,"column":65}},"line":2},"2":{"name":"(anonymous_2)","decl":{"start":{"line":5,"column":24},"end":{"line":5,"column":25}},"loc":{"start":{"line":6,"column":6},"end":{"line":6,"column":69}},"line":6}},"branchMap":{"0":{"loc":{"start":{"line":3,"column":2},"end":{"line":11,"column":3}},"type":"if","locations":[{"start":{"line":3,"column":2},"end":{"line":11,"column":3}},{"start":{"line":8,"column":9},"end":{"line":11,"column":3}}],"line":3},"1":{"loc":{"start":{"line":6,"column":6},"end":{"line":6,"column":69}},"type":"cond-expr","locations":[{"start":{"line":6,"column":31},"end":{"line":6,"column":62}},{"start":{"line":6,"column":65},"end":{"line":6,"column":69}}],"line":6}},"s":{"0":3,"1":4,"2":3,"3":2,"4":4,"5":1,"6":1},"f":{"0":3,"1":4,"2":4},"b":{"0":[2,1],"1":[2,2]},"_coverageSchema":"1a1c01bbd47fc00a2c39e90264f33305004495a9","hash":"12513425ef4ccd8e66eb077dad6e3f4fecad03ba"}
}
