TN:
SF:utils\cartUtils.js
FN:1,calculateTotal
FN:2,(anonymous_1)
FN:5,simulateQuantityChange
FNF:3
FNH:3
FNDA:2,calculateTotal
FNDA:2,(anonymous_1)
FNDA:4,simulateQuantityChange
DA:2,2
DA:6,4
DA:7,1
DA:9,3
DA:10,2
DA:12,1
DA:15,1
LF:7
LH:7
BRDA:6,0,0,1
BRDA:6,0,1,3
BRDA:9,1,0,2
BRDA:9,1,1,1
BRDA:10,2,0,1
BRDA:10,2,1,1
BRF:6
BRH:6
end_of_record
TN:
SF:utils\locationUtils.js
FN:1,getCommonLocations
FN:4,(anonymous_1)
FN:5,(anonymous_2)
FN:5,(anonymous_3)
FNF:4
FNH:4
FNDA:5,getCommonLocations
FNDA:7,(anonymous_1)
FNDA:3,(anonymous_2)
FNDA:3,(anonymous_3)
DA:2,5
DA:3,4
DA:4,7
DA:5,3
DA:8,1
LF:5
LH:5
BRDA:2,0,0,1
BRDA:2,0,1,4
BRDA:4,1,0,7
BRDA:4,1,1,2
BRF:4
BRH:4
end_of_record
TN:
SF:utils\wishlistUtils.js
FN:1,updateWishlist
FN:2,(anonymous_1)
FN:5,(anonymous_2)
FNF:3
FNH:3
FNDA:3,updateWishlist
FNDA:4,(anonymous_1)
FNDA:4,(anonymous_2)
DA:2,4
DA:3,3
DA:5,2
DA:6,4
DA:10,1
DA:14,1
LF:6
LH:6
BRDA:3,0,0,2
BRDA:3,0,1,1
BRDA:6,1,0,2
BRDA:6,1,1,2
BRF:4
BRH:4
end_of_record
